[01m[K/home/user/ros2_ws/src/citylab_project/robot_patrol/src/patrol_real_robot.cpp:[m[K In member function '[01m[Kvoid Patrol::timer_callback()[m[K':
[01m[K/home/user/ros2_ws/src/citylab_project/robot_patrol/src/patrol_real_robot.cpp:133:7:[m[K [01;31m[Kerror: [m[Kexpected '[01m[K;[m[K' before '[01m[Kbreak[m[K'
  133 |       [01;31m[Kbreak[m[K;
      |       [01;31m[K^~~~~[m[K
gmake[2]: *** [CMakeFiles/patrol_real_exe.dir/build.make:76: CMakeFiles/patrol_real_exe.dir/src/patrol_real_robot.cpp.o] Error 1
gmake[1]: *** [CMakeFiles/Makefile2:165: CMakeFiles/patrol_real_exe.dir/all] Error 2
gmake: *** [Makefile:146: all] Error 2
